<?xml version="1.0" encoding="UTF-8"?>
<testsuite name="ejercicio2.NumbersGeneratorTest" tests="3" skipped="0" failures="0" errors="0" timestamp="2022-02-18T11:53:28" hostname="DESKTOP-2T6TAJ9" time="0.055">
  <properties/>
  <testcase name="[1] 11, true, 2 4 6 8 10" classname="ejercicio2.NumbersGeneratorTest" time="0.047"/>
  <testcase name="[2] 2, true, 2" classname="ejercicio2.NumbersGeneratorTest" time="0.001"/>
  <testcase name="[3] 15, false, 1 3 5 7 9 11 13 15" classname="ejercicio2.NumbersGeneratorTest" time="0.002"/>
  <system-out><![CDATA[]]></system-out>
  <system-err><![CDATA[]]></system-err>
</testsuite>
